<?xml version="1.0" encoding="UTF-8"?>
<robot generator="Robot 3.1.2 (Python 3.7.3 on win32)" generated="20190529 15:52:23.258" rpa="false">
<suite id="s1" name="RobotFirstProject" source="E:\SeleniumCodes\RobotFirstProject">
<suite id="s1-s1" name="SampleRobot" source="E:\SeleniumCodes\RobotFirstProject\SampleRobot">
<suite id="s1-s1-s1" name="SeleniumLogin" source="E:\SeleniumCodes\RobotFirstProject\SampleRobot\SeleniumLogin.robot">
<test id="s1-s1-s1-t1" name="Valid Login Test">
<kw name="Open Browser" library="SeleniumLibrary">
<doc>Opens a new browser instance to the given ``url``.</doc>
<arguments>
<arg>http://selenium4testing.com/hms</arg>
<arg>chrome</arg>
</arguments>
<msg timestamp="20190529 15:52:23.717" level="INFO">Opening browser 'chrome' to base url 'http://selenium4testing.com/hms'.</msg>
<status status="PASS" starttime="20190529 15:52:23.716" endtime="20190529 15:52:31.532"></status>
</kw>
<kw name="Set Browser Implicit Wait" library="SeleniumLibrary">
<doc>Sets the implicit wait value used by Selenium.</doc>
<arguments>
<arg>5</arg>
</arguments>
<status status="PASS" starttime="20190529 15:52:31.533" endtime="20190529 15:52:31.545"></status>
</kw>
<kw name="Input Text" library="SeleniumLibrary">
<doc>Types the given ``text`` into text field identified by ``locator``.</doc>
<arguments>
<arg>name=username</arg>
<arg>user1</arg>
</arguments>
<msg timestamp="20190529 15:52:31.548" level="INFO">Typing text 'user1' into text field 'name=username'.</msg>
<status status="PASS" starttime="20190529 15:52:31.546" endtime="20190529 15:52:31.724"></status>
</kw>
<kw name="Input Password" library="SeleniumLibrary">
<doc>Types the given password into text field identified by ``locator``.</doc>
<arguments>
<arg>name=password</arg>
<arg>user1</arg>
</arguments>
<msg timestamp="20190529 15:52:31.726" level="INFO">Typing password into text field 'name=password'.</msg>
<status status="PASS" starttime="20190529 15:52:31.725" endtime="20190529 15:52:31.850"></status>
</kw>
<kw name="Sleep" library="BuiltIn">
<doc>Pauses the test executed for the given time.</doc>
<arguments>
<arg>2</arg>
</arguments>
<msg timestamp="20190529 15:52:33.852" level="INFO">Slept 2 seconds</msg>
<status status="PASS" starttime="20190529 15:52:31.850" endtime="20190529 15:52:33.853"></status>
</kw>
<kw name="Click Button" library="SeleniumLibrary">
<doc>Clicks button identified by ``locator``.</doc>
<arguments>
<arg>name=submit</arg>
</arguments>
<msg timestamp="20190529 15:52:33.857" level="INFO">Clicking button 'name=submit'.</msg>
<status status="PASS" starttime="20190529 15:52:33.855" endtime="20190529 15:52:41.657"></status>
</kw>
<kw name="Close Browser" library="SeleniumLibrary">
<doc>Closes the current browser.</doc>
<status status="PASS" starttime="20190529 15:52:41.659" endtime="20190529 15:52:43.901"></status>
</kw>
<kw name="Log" library="BuiltIn">
<doc>Logs the given message with the given level.</doc>
<arguments>
<arg>Test Completed</arg>
</arguments>
<msg timestamp="20190529 15:52:43.904" level="INFO">Test Completed</msg>
<status status="PASS" starttime="20190529 15:52:43.902" endtime="20190529 15:52:43.905"></status>
</kw>
<status status="PASS" starttime="20190529 15:52:23.715" endtime="20190529 15:52:43.906" critical="yes"></status>
</test>
<test id="s1-s1-s1-t2" name="Invalid Login Test">
<kw name="Open Browser" library="SeleniumLibrary">
<doc>Opens a new browser instance to the given ``url``.</doc>
<arguments>
<arg>http://selenium4testing.com/hms</arg>
<arg>chrome</arg>
</arguments>
<msg timestamp="20190529 15:52:43.914" level="INFO">Opening browser 'chrome' to base url 'http://selenium4testing.com/hms'.</msg>
<status status="PASS" starttime="20190529 15:52:43.912" endtime="20190529 15:52:48.977"></status>
</kw>
<kw name="Set Browser Implicit Wait" library="SeleniumLibrary">
<doc>Sets the implicit wait value used by Selenium.</doc>
<arguments>
<arg>5</arg>
</arguments>
<status status="PASS" starttime="20190529 15:52:48.978" endtime="20190529 15:52:48.983"></status>
</kw>
<kw name="Input Text" library="SeleniumLibrary">
<doc>Types the given ``text`` into text field identified by ``locator``.</doc>
<arguments>
<arg>name=username</arg>
<arg>swamy</arg>
</arguments>
<msg timestamp="20190529 15:52:48.985" level="INFO">Typing text 'swamy' into text field 'name=username'.</msg>
<status status="PASS" starttime="20190529 15:52:48.984" endtime="20190529 15:52:49.147"></status>
</kw>
<kw name="Input Password" library="SeleniumLibrary">
<doc>Types the given password into text field identified by ``locator``.</doc>
<arguments>
<arg>name=password</arg>
<arg>swamy</arg>
</arguments>
<msg timestamp="20190529 15:52:49.149" level="INFO">Typing password into text field 'name=password'.</msg>
<status status="PASS" starttime="20190529 15:52:49.148" endtime="20190529 15:52:49.269"></status>
</kw>
<kw name="Sleep" library="BuiltIn">
<doc>Pauses the test executed for the given time.</doc>
<arguments>
<arg>2</arg>
</arguments>
<msg timestamp="20190529 15:52:51.271" level="INFO">Slept 2 seconds</msg>
<status status="PASS" starttime="20190529 15:52:49.270" endtime="20190529 15:52:51.271"></status>
</kw>
<kw name="Click Button" library="SeleniumLibrary">
<doc>Clicks button identified by ``locator``.</doc>
<arguments>
<arg>name=submit</arg>
</arguments>
<msg timestamp="20190529 15:52:51.273" level="INFO">Clicking button 'name=submit'.</msg>
<status status="PASS" starttime="20190529 15:52:51.272" endtime="20190529 15:52:51.520"></status>
</kw>
<kw name="Close Browser" library="SeleniumLibrary">
<doc>Closes the current browser.</doc>
<status status="PASS" starttime="20190529 15:52:51.521" endtime="20190529 15:52:53.702"></status>
</kw>
<kw name="Log" library="BuiltIn">
<doc>Logs the given message with the given level.</doc>
<arguments>
<arg>Test Completed</arg>
</arguments>
<msg timestamp="20190529 15:52:53.706" level="INFO">Test Completed</msg>
<status status="PASS" starttime="20190529 15:52:53.703" endtime="20190529 15:52:53.706"></status>
</kw>
<status status="PASS" starttime="20190529 15:52:43.909" endtime="20190529 15:52:53.708" critical="yes"></status>
</test>
<status status="PASS" starttime="20190529 15:52:23.361" endtime="20190529 15:52:53.712"></status>
</suite>
<status status="PASS" starttime="20190529 15:52:23.358" endtime="20190529 15:52:53.726"></status>
</suite>
<status status="PASS" starttime="20190529 15:52:23.319" endtime="20190529 15:52:53.736"></status>
</suite>
<statistics>
<total>
<stat pass="2" fail="0">Critical Tests</stat>
<stat pass="2" fail="0">All Tests</stat>
</total>
<tag>
</tag>
<suite>
<stat pass="2" fail="0" id="s1" name="RobotFirstProject">RobotFirstProject</stat>
<stat pass="2" fail="0" id="s1-s1" name="SampleRobot">RobotFirstProject.SampleRobot</stat>
<stat pass="2" fail="0" id="s1-s1-s1" name="SeleniumLogin">RobotFirstProject.SampleRobot.SeleniumLogin</stat>
</suite>
</statistics>
<errors>
</errors>
</robot>
